2025-06-17 14:12:19 error: uncaughtException: Most middleware (like errorHandler) is no longer bundled with Express and must be installed separately. Please see https://github.com/senchalabs/connect#middleware.
Error: Most middleware (like errorHandler) is no longer bundled with Express and must be installed separately. Please see https://github.com/senchalabs/connect#middleware.
    at Function.get (/Users/mac/Documents/Test/React-Node-Test/Server/node_modules/express/lib/express.js:112:13)
    at Object.<anonymous> (/Users/mac/Documents/Test/React-Node-Test/Server/index.js:20:17)
    at Module._compile (node:internal/modules/cjs/loader:1565:14)
    at Object..js (node:internal/modules/cjs/loader:1708:10)
    at Module.load (node:internal/modules/cjs/loader:1318:32)
    at Function._load (node:internal/modules/cjs/loader:1128:12)
    at TracingChannel.traceSync (node:diagnostics_channel:322:14)
    at wrapModuleLoad (node:internal/modules/cjs/loader:219:24)
    at Function.executeUserEntryPoint [as runMain] (node:internal/modules/run_main:170:5)
    at node:internal/main/run_main_module:36:49
2025-06-17 14:12:59 error: uncaughtException: Most middleware (like errorHandler) is no longer bundled with Express and must be installed separately. Please see https://github.com/senchalabs/connect#middleware.
Error: Most middleware (like errorHandler) is no longer bundled with Express and must be installed separately. Please see https://github.com/senchalabs/connect#middleware.
    at Function.get (/Users/mac/Documents/Test/React-Node-Test/Server/node_modules/express/lib/express.js:112:13)
    at Object.<anonymous> (/Users/mac/Documents/Test/React-Node-Test/Server/index.js:20:17)
    at Module._compile (node:internal/modules/cjs/loader:1565:14)
    at Object..js (node:internal/modules/cjs/loader:1708:10)
    at Module.load (node:internal/modules/cjs/loader:1318:32)
    at Function._load (node:internal/modules/cjs/loader:1128:12)
    at TracingChannel.traceSync (node:diagnostics_channel:322:14)
    at wrapModuleLoad (node:internal/modules/cjs/loader:219:24)
    at Function.executeUserEntryPoint [as runMain] (node:internal/modules/run_main:170:5)
    at node:internal/main/run_main_module:36:49
2025-06-17 14:13:39 error: uncaughtException: Most middleware (like errorHandler) is no longer bundled with Express and must be installed separately. Please see https://github.com/senchalabs/connect#middleware.
Error: Most middleware (like errorHandler) is no longer bundled with Express and must be installed separately. Please see https://github.com/senchalabs/connect#middleware.
    at Function.get (/Users/mac/Documents/Test/React-Node-Test/Server/node_modules/express/lib/express.js:112:13)
    at Object.<anonymous> (/Users/mac/Documents/Test/React-Node-Test/Server/index.js:20:17)
    at Module._compile (node:internal/modules/cjs/loader:1565:14)
    at Object..js (node:internal/modules/cjs/loader:1708:10)
    at Module.load (node:internal/modules/cjs/loader:1318:32)
    at Function._load (node:internal/modules/cjs/loader:1128:12)
    at TracingChannel.traceSync (node:diagnostics_channel:322:14)
    at wrapModuleLoad (node:internal/modules/cjs/loader:219:24)
    at Function.executeUserEntryPoint [as runMain] (node:internal/modules/run_main:170:5)
    at node:internal/main/run_main_module:36:49
